2021-05-18 20:41:20 [INFO] : selenium_code.py:49 :: enter text to given element :('q', 'name')
2021-05-18 20:41:20 [INFO] : selenium_code.py:58 :: Element found :('q', 'name')
2021-05-18 20:41:20 [INFO] : selenium_code.py:59 :: sending text to :('q', 'name')
2021-05-18 20:41:20 [INFO] : selenium_code.py:29 :: click to given element: ('btnK', 'name')
2021-05-18 20:41:21 [INFO] : selenium_code.py:39 :: Element found :('btnK', 'name')
2021-05-18 20:41:21 [INFO] : selenium_code.py:40 :: Clicking on element :('btnK', 'name')
2021-05-18 20:41:28 [INFO] : selenium_code.py:49 :: enter text to given element :('txtSource', 'id')
2021-05-18 20:41:28 [INFO] : selenium_code.py:58 :: Element found :('txtSource', 'id')
2021-05-18 20:41:28 [INFO] : selenium_code.py:59 :: sending text to :('txtSource', 'id')
2021-05-18 20:41:28 [INFO] : selenium_code.py:29 :: click to given element: ("//li[contains(text(), 'Swargate, ')]/strong[text()='Pune']", 'xpath')
2021-05-18 20:41:29 [INFO] : selenium_code.py:39 :: Element found :("//li[contains(text(), 'Swargate, ')]/strong[text()='Pune']", 'xpath')
2021-05-18 20:41:29 [INFO] : selenium_code.py:40 :: Clicking on element :("//li[contains(text(), 'Swargate, ')]/strong[text()='Pune']", 'xpath')
2021-05-18 20:41:40 [INFO] : selenium_code.py:49 :: enter text to given element :('travname', 'id')
2021-05-18 20:41:41 [INFO] : selenium_code.py:58 :: Element found :('travname', 'id')
2021-05-18 20:41:41 [INFO] : selenium_code.py:59 :: sending text to :('travname', 'id')
2021-05-18 20:41:41 [INFO] : selenium_code.py:49 :: enter text to given element :('travlastname', 'id')
2021-05-18 20:41:41 [INFO] : selenium_code.py:58 :: Element found :('travlastname', 'id')
2021-05-18 20:41:41 [INFO] : selenium_code.py:59 :: sending text to :('travlastname', 'id')
2021-05-18 20:41:41 [INFO] : selenium_code.py:29 :: click to given element: ('dob', 'id')
2021-05-18 20:41:41 [INFO] : selenium_code.py:39 :: Element found :('dob', 'id')
2021-05-18 20:41:41 [INFO] : selenium_code.py:40 :: Clicking on element :('dob', 'id')
2021-05-18 20:41:42 [INFO] : selenium_code.py:29 :: click to given element: ('28', 'link')
2021-05-18 20:41:42 [INFO] : selenium_code.py:39 :: Element found :('28', 'link')
2021-05-18 20:41:42 [INFO] : selenium_code.py:40 :: Clicking on element :('28', 'link')
2021-05-18 20:41:42 [INFO] : selenium_code.py:29 :: click to given element: ('sex_1', 'id')
2021-05-18 20:41:42 [INFO] : selenium_code.py:39 :: Element found :('sex_1', 'id')
2021-05-18 20:41:42 [INFO] : selenium_code.py:40 :: Clicking on element :('sex_1', 'id')
2021-05-18 20:41:44 [INFO] : selenium_code.py:29 :: click to given element: ('addmorepax', 'id')
2021-05-18 20:41:44 [INFO] : selenium_code.py:39 :: Element found :('addmorepax', 'id')
2021-05-18 20:41:44 [INFO] : selenium_code.py:40 :: Clicking on element :('addmorepax', 'id')
2021-05-18 20:41:53 [INFO] : selenium_code.py:49 :: enter text to given element :('q', 'name')
2021-05-18 20:41:53 [INFO] : selenium_code.py:58 :: Element found :('q', 'name')
2021-05-18 20:41:53 [INFO] : selenium_code.py:59 :: sending text to :('q', 'name')
2021-05-18 20:41:53 [INFO] : selenium_code.py:29 :: click to given element: ('btnK', 'name')
2021-05-18 20:41:54 [INFO] : selenium_code.py:39 :: Element found :('btnK', 'name')
2021-05-18 20:41:54 [INFO] : selenium_code.py:40 :: Clicking on element :('btnK', 'name')
2021-05-18 20:41:56 [INFO] : selenium_code.py:29 :: click to given element: ('Welcome to Python.org', 'link1')
2021-05-18 20:41:56 [INFO] : selenium_code.py:43 :: Unable to find element :('Welcome to Python.org', 'link1')
