2021-05-18 20:49:22 [INFO] : test_booking_feature.py:10 :: ___________TestBusBooking_________
2021-05-18 20:49:22 [INFO] : test_dummy_booking.py:11 :: ___________TestDummyBooking________
2021-05-18 20:49:22 [INFO] : test_google_search_fun.py:11 :: _____TestGoogleSearch______
2021-05-18 20:49:25 [INFO] : selenium_code.py:49 :: enter text to given element :('q', 'name')
2021-05-18 20:49:25 [INFO] : selenium_code.py:58 :: Element found :('q', 'name')
2021-05-18 20:49:25 [INFO] : selenium_code.py:59 :: sending text to :('q', 'name')
2021-05-18 20:49:25 [INFO] : selenium_code.py:29 :: click to given element: ('btnK', 'name')
2021-05-18 20:49:25 [INFO] : selenium_code.py:39 :: Element found :('btnK', 'name')
2021-05-18 20:49:25 [INFO] : selenium_code.py:40 :: Clicking on element :('btnK', 'name')
2021-05-18 20:49:31 [INFO] : test_booking_feature.py:12 :: test case : test_book_bus_and_verify : start
2021-05-18 20:49:31 [INFO] : selenium_code.py:49 :: enter text to given element :('txtSource', 'id')
2021-05-18 20:49:31 [INFO] : selenium_code.py:58 :: Element found :('txtSource', 'id')
2021-05-18 20:49:31 [INFO] : selenium_code.py:59 :: sending text to :('txtSource', 'id')
2021-05-18 20:49:31 [INFO] : selenium_code.py:29 :: click to given element: ("//li[contains(text(), 'Swargate, ')]/strong[text()='Pune']", 'xpath')
2021-05-18 20:49:31 [INFO] : selenium_code.py:39 :: Element found :("//li[contains(text(), 'Swargate, ')]/strong[text()='Pune']", 'xpath')
2021-05-18 20:49:31 [INFO] : selenium_code.py:40 :: Clicking on element :("//li[contains(text(), 'Swargate, ')]/strong[text()='Pune']", 'xpath')
2021-05-18 20:49:36 [INFO] : test_booking_feature.py:16 :: test case : test_book_bus_and_verify : finish
2021-05-18 20:49:43 [INFO] : test_dummy_booking.py:14 :: test cases : test_provide_passenger_entry : start
2021-05-18 20:49:43 [INFO] : selenium_code.py:49 :: enter text to given element :('travname', 'id')
2021-05-18 20:49:43 [INFO] : selenium_code.py:58 :: Element found :('travname', 'id')
2021-05-18 20:49:43 [INFO] : selenium_code.py:59 :: sending text to :('travname', 'id')
2021-05-18 20:49:43 [INFO] : selenium_code.py:49 :: enter text to given element :('travlastname', 'id')
2021-05-18 20:49:43 [INFO] : selenium_code.py:58 :: Element found :('travlastname', 'id')
2021-05-18 20:49:43 [INFO] : selenium_code.py:59 :: sending text to :('travlastname', 'id')
2021-05-18 20:49:43 [INFO] : test_dummy_booking.py:19 :: test cases : test_provide_passenger_entry : finish
2021-05-18 20:49:43 [INFO] : test_dummy_booking.py:22 :: test cases : test_select_date_of_birth_and_other_info : start
2021-05-18 20:49:43 [INFO] : selenium_code.py:29 :: click to given element: ('dob', 'id')
2021-05-18 20:49:43 [INFO] : selenium_code.py:39 :: Element found :('dob', 'id')
2021-05-18 20:49:43 [INFO] : selenium_code.py:40 :: Clicking on element :('dob', 'id')
2021-05-18 20:49:44 [INFO] : selenium_code.py:29 :: click to given element: ('28', 'link')
2021-05-18 20:49:44 [INFO] : selenium_code.py:39 :: Element found :('28', 'link')
2021-05-18 20:49:44 [INFO] : selenium_code.py:40 :: Clicking on element :('28', 'link')
2021-05-18 20:49:44 [INFO] : selenium_code.py:29 :: click to given element: ('sex_1', 'id')
2021-05-18 20:49:44 [INFO] : selenium_code.py:39 :: Element found :('sex_1', 'id')
2021-05-18 20:49:44 [INFO] : selenium_code.py:40 :: Clicking on element :('sex_1', 'id')
2021-05-18 20:49:46 [INFO] : test_dummy_booking.py:26 :: test cases : test_select_date_of_birth_and_other_info : finish
2021-05-18 20:49:46 [INFO] : test_dummy_booking.py:29 :: test cases : test_select_more_passenger : start
2021-05-18 20:49:46 [INFO] : selenium_code.py:29 :: click to given element: ('addmorepax', 'id')
2021-05-18 20:49:46 [INFO] : selenium_code.py:39 :: Element found :('addmorepax', 'id')
2021-05-18 20:49:46 [INFO] : selenium_code.py:40 :: Clicking on element :('addmorepax', 'id')
2021-05-18 20:49:51 [INFO] : test_dummy_booking.py:32 :: test cases : test_select_more_passenger : finish
2021-05-18 20:49:56 [INFO] : test_google_search_fun.py:14 :: test cases : test_search_data_google : start
2021-05-18 20:49:56 [INFO] : selenium_code.py:49 :: enter text to given element :('q', 'name')
2021-05-18 20:49:56 [INFO] : selenium_code.py:58 :: Element found :('q', 'name')
2021-05-18 20:49:56 [INFO] : selenium_code.py:59 :: sending text to :('q', 'name')
2021-05-18 20:49:56 [INFO] : selenium_code.py:29 :: click to given element: ('btnK', 'name')
2021-05-18 20:49:56 [INFO] : selenium_code.py:39 :: Element found :('btnK', 'name')
2021-05-18 20:49:56 [INFO] : selenium_code.py:40 :: Clicking on element :('btnK', 'name')
2021-05-18 20:49:58 [INFO] : test_google_search_fun.py:17 :: test cases : test_search_data_google : finish
2021-05-18 20:49:58 [INFO] : test_google_search_fun.py:20 :: test cases : test_click_on_link : start
2021-05-18 20:49:58 [INFO] : selenium_code.py:29 :: click to given element: ('Welcome to Python.org', 'link1')
2021-05-18 20:49:58 [INFO] : selenium_code.py:43 :: Unable to find element :('Welcome to Python.org', 'link1')
